<?xml version="1.0" encoding="UTF-8"?>
<!-- Generated by org.testng.reporters.JUnitXMLReporter -->
<testsuite hostname="zaman" ignored="2" name="Default test" tests="1" failures="0" timestamp="11 Dec 2019 20:50:47 GMT" time="15.95" errors="0">
  <testcase name="verifyHomePageTitleTest" time="3.914" classname="com.qa.project.tests.HomePageTest"/>
  <testcase name="clickshoplinkTest" time="0.0" classname="com.qa.project.tests.HomePageTest">
    <ignored/>
  </testcase> <!-- clickshoplinkTest -->
  <testcase name="clickshopTest" time="0.0" classname="com.qa.project.tests.HomePageTest">
    <ignored/>
  </testcase> <!-- clickshopTest -->
</testsuite> <!-- Default test -->
